[junction_report]
id = j1
time = 1
queues = 

[junction_report]
id = j2
time = 1
queues = 

[junction_report]
id = r1
time = 1
queues = 

[road_report]
id = r2
time = 1
state = 

[vehicle_report]
id = v1
time = 1
speed = 0
kilometrage = 0
faulty = 0
location = (null,0)

[junction_report]
id = j1
time = 2
queues = 

[junction_report]
id = j2
time = 2
queues = 

[junction_report]
id = r1
time = 2
queues = 

[road_report]
id = r2
time = 2
state = 

[vehicle_report]
id = v1
time = 2
speed = 0
kilometrage = 0
faulty = 0
location = (null,0)

[junction_report]
id = j1
time = 3
queues = 

[junction_report]
id = j2
time = 3
queues = 

[junction_report]
id = r1
time = 3
queues = 

[road_report]
id = r2
time = 3
state = 

[vehicle_report]
id = v1
time = 3
speed = 0
kilometrage = 0
faulty = 0
location = (null,0)

[junction_report]
id = j1
time = 4
queues = 

[junction_report]
id = j2
time = 4
queues = 

[junction_report]
id = r1
time = 4
queues = 

[road_report]
id = r2
time = 4
state = 

[vehicle_report]
id = v1
time = 4
speed = 0
kilometrage = 0
faulty = 0
location = (null,0)

[junction_report]
id = j1
time = 5
queues = 

[junction_report]
id = j2
time = 5
queues = 

[junction_report]
id = r1
time = 5
queues = 

[road_report]
id = r2
time = 5
state = 

[vehicle_report]
id = v1
time = 5
speed = 0
kilometrage = 0
faulty = 0
location = (null,0)

[junction_report]
id = j1
time = 6
queues = 

[junction_report]
id = j2
time = 6
queues = 

[junction_report]
id = r1
time = 6
queues = 

[road_report]
id = r2
time = 6
state = 

[vehicle_report]
id = v1
time = 6
speed = 0
kilometrage = 0
faulty = 0
location = (null,0)

[junction_report]
id = j1
time = 7
queues = 

[junction_report]
id = j2
time = 7
queues = 

[junction_report]
id = r1
time = 7
queues = 

[road_report]
id = r2
time = 7
state = 

[vehicle_report]
id = v1
time = 7
speed = 0
kilometrage = 0
faulty = 0
location = (null,0)

[junction_report]
id = j1
time = 8
queues = 

[junction_report]
id = j2
time = 8
queues = 

[junction_report]
id = r1
time = 8
queues = 

[road_report]
id = r2
time = 8
state = 

[vehicle_report]
id = v1
time = 8
speed = 0
kilometrage = 0
faulty = 0
location = (null,0)

[junction_report]
id = j1
time = 9
queues = 

[junction_report]
id = j2
time = 9
queues = 

[junction_report]
id = r1
time = 9
queues = 

[road_report]
id = r2
time = 9
state = 

[vehicle_report]
id = v1
time = 9
speed = 0
kilometrage = 0
faulty = 0
location = (null,0)

[junction_report]
id = j1
time = 10
queues = 

[junction_report]
id = j2
time = 10
queues = 

[junction_report]
id = r1
time = 10
queues = 

[road_report]
id = r2
time = 10
state = 

[vehicle_report]
id = v1
time = 10
speed = 0
kilometrage = 0
faulty = 0
location = (null,0)

